2020-11-17 10:47:39,815 - instabot version: 0.117.0 (bot) - INFO - Instabot version: 0.117.0 Started
2020-11-17 10:47:39,815 - instabot version: 0.117.0 (bot) - DEBUG - Bot imported from /home/mozes721/anaconda3/lib/python3.7/site-packages/instabot/bot/bot.py
2020-11-17 10:48:04,922 - instabot version: 0.117.0 (api_login) - DEBUG - Loading cookies
2020-11-17 10:48:04,923 - instabot version: 0.117.0 (api_login) - DEBUG - Loading uuids
2020-11-17 10:48:04,923 - instabot version: 0.117.0 (api_login) - INFO - Recovery from /home/mozes721/Desktop/IG_Automation/config/unlimited_testing_uuid_and_cookie.json: COOKIE True - UUIDs True - TIMING, DEVICE and ...
- user-agent=Instagram 117.0.0.28.123 Android (28/9.0; 420dpi; 1080x1920; OnePlus; ONEPLUS A3003; OnePlus3; qcom; en_US; 180322800)
- phone_id=5406f6b0-4ecc-4b83-836c-61833ddc1875
- uuid=f2c5a4f2-0065-41cd-9ffe-38385a152972
- client_session_id=cb79ec0b-9ac5-4f2c-b6d4-c0ec0b3ef434
- device_id=android-538ca789b87978fb
2020-11-17 10:48:04,923 - instabot version: 0.117.0 (api_login) - INFO - LOGIN FLOW! Just logged-in: False
2020-11-17 10:48:06,954 - instabot version: 0.117.0 (api) - DEBUG - POST to endpoint: feed/timeline/ returned response: <Response [200]>
2020-11-17 10:48:07,555 - instabot version: 0.117.0 (api) - DEBUG - POST to endpoint: feed/reels_tray/ returned response: <Response [200]>
2020-11-17 10:48:07,556 - instabot version: 0.117.0 (api) - INFO - Logged-in successfully as 'unlimited_testing'!
2020-11-17 10:48:07,556 - instabot version: 0.117.0 (bot_checkpoint) - DEBUG - Loading Checkpoint file from: /home/mozes721/Desktop/IG_Automation/config/unlimited_testing.checkpoint
2020-11-17 10:48:31,942 - instabot version: 0.117.0 (api) - DEBUG - POST to endpoint: media/configure/? returned response: <Response [200]>
2020-11-17 10:48:32,352 - instabot version: 0.117.0 (api) - DEBUG - POST to endpoint: qe/expose/ returned response: <Response [200]>
2020-11-17 10:48:32,352 - instabot version: 0.117.0 (bot_photo) - INFO - Photo 'fg_final.jpg' is uploaded.
2020-11-17 10:48:32,353 - instabot version: 0.117.0 (bot_checkpoint) - DEBUG - Saving Checkpoint file to: /home/mozes721/Desktop/IG_Automation/config/unlimited_testing.checkpoint
2020-11-17 10:48:32,353 - instabot version: 0.117.0 (bot) - INFO - Total requests: 57
