2020-11-14 20:41:03,032 - instabot version: 0.117.0 (bot) - INFO - Instabot version: 0.117.0 Started
2020-11-14 20:41:03,032 - instabot version: 0.117.0 (bot) - DEBUG - Bot imported from /home/mozes721/anaconda3/lib/python3.7/site-packages/instabot/bot/bot.py
2020-11-14 20:46:46,243 - instabot version: 0.117.0 (api_login) - DEBUG - Loading cookies
2020-11-14 20:46:46,285 - instabot version: 0.117.0 (api_login) - DEBUG - Loading uuids
2020-11-14 20:46:46,285 - instabot version: 0.117.0 (api_login) - INFO - Recovery from /home/mozes721/Desktop/IG_Automation/config/unlimited_testing_uuid_and_cookie.json: COOKIE True - UUIDs True - TIMING, DEVICE and ...
- user-agent=Instagram 117.0.0.28.123 Android (28/9.0; 420dpi; 1080x1920; OnePlus; ONEPLUS A3003; OnePlus3; qcom; en_US; 180322800)
- phone_id=5406f6b0-4ecc-4b83-836c-61833ddc1875
- uuid=f2c5a4f2-0065-41cd-9ffe-38385a152972
- client_session_id=874a4074-a456-4a2f-adf1-1a200dcc24a4
- device_id=android-538ca789b87978fb
2020-11-14 20:46:46,285 - instabot version: 0.117.0 (api_login) - INFO - LOGIN FLOW! Just logged-in: False
2020-11-14 20:46:48,412 - instabot version: 0.117.0 (api) - DEBUG - POST to endpoint: feed/timeline/ returned response: <Response [200]>
2020-11-14 20:46:50,086 - instabot version: 0.117.0 (api) - DEBUG - POST to endpoint: feed/reels_tray/ returned response: <Response [200]>
2020-11-14 20:46:50,768 - instabot version: 0.117.0 (api) - DEBUG - POST to endpoint: direct_v2/ranked_recipients/ returned response: <Response [200]>
2020-11-14 20:46:51,715 - instabot version: 0.117.0 (api) - DEBUG - POST to endpoint: direct_v2/ranked_recipients/ returned response: <Response [200]>
2020-11-14 20:46:52,203 - instabot version: 0.117.0 (api) - DEBUG - POST to endpoint: direct_v2/inbox/ returned response: <Response [200]>
2020-11-14 20:46:52,540 - instabot version: 0.117.0 (api) - DEBUG - GET to endpoint: direct_v2/get_presence/ returned response: <Response [200]>
2020-11-14 20:46:53,431 - instabot version: 0.117.0 (api) - DEBUG - GET to endpoint: news/inbox/?limited_activity=true&show_su=true returned response: <Response [200]>
2020-11-14 20:46:53,841 - instabot version: 0.117.0 (api) - DEBUG - GET to endpoint: users/profile_notice/ returned response: <Response [200]>
2020-11-14 20:46:55,371 - instabot version: 0.117.0 (api) - DEBUG - POST to endpoint: discover/explore/ returned response: <Response [200]>
2020-11-14 20:46:55,374 - instabot version: 0.117.0 (api) - INFO - Logged-in successfully as 'unlimited_testing'!
2020-11-14 20:46:55,374 - instabot version: 0.117.0 (bot_checkpoint) - DEBUG - Loading Checkpoint file from: /home/mozes721/Desktop/IG_Automation/config/unlimited_testing.checkpoint
2020-11-14 20:47:15,951 - instabot version: 0.117.0 (bot_checkpoint) - DEBUG - Saving Checkpoint file to: /home/mozes721/Desktop/IG_Automation/config/unlimited_testing.checkpoint
2020-11-14 20:47:15,952 - instabot version: 0.117.0 (bot) - INFO - Total requests: 41
